[GET] https://ferrovia-do-diabo-1907.vercel.app/restauracao-2026?_rsc=1r34m => [200] 
[GET] https://ferrovia-do-diabo-1907.vercel.app/config?_rsc=1r34m => [200] 
[GET] https://ferrovia-do-diabo-1907.vercel.app/resultado-integrado?_rsc=1r34m => [200] 
[GET] https://ferrovia-do-diabo-1907.vercel.app/museu-vivo?_rsc=1r34m => [200] 
[GET] https://ferrovia-do-diabo-1907.vercel.app/quiz-tematico?_rsc=1r34m => [200] 
[GET] https://ferrovia-do-diabo-1907.vercel.app/historia-interativa?_rsc=1r34m => [200] 
[GET] https://ferrovia-do-diabo-1907.vercel.app/?_rsc=1pn8p => [200] 
[GET] https://ferrovia-do-diabo-1907.vercel.app/?_rsc=nn07o => [200] 
[GET] https://ferrovia-do-diabo-1907.vercel.app/?_rsc=ivliq => [200] 
[GET] https://ferrovia-do-diabo-1907.vercel.app/restauracao-2026?_rsc=1pn8p => [200] 
[GET] https://ferrovia-do-diabo-1907.vercel.app/restauracao-2026?_rsc=1fyl4 => [200] 
[GET] https://ferrovia-do-diabo-1907.vercel.app/restauracao-2026?_rsc=1ramc => [200] 
[GET] https://ferrovia-do-diabo-1907.vercel.app/config?_rsc=1pn8p => [200] 
[GET] https://ferrovia-do-diabo-1907.vercel.app/config?_rsc=1hxfi => [200] 
[GET] https://ferrovia-do-diabo-1907.vercel.app/config?_rsc=l9kld => [200] 
[GET] https://ferrovia-do-diabo-1907.vercel.app/resultado-integrado?_rsc=1pn8p => [200] 
[GET] https://ferrovia-do-diabo-1907.vercel.app/resultado-integrado?_rsc=1tvm6 => [200] 
[GET] https://ferrovia-do-diabo-1907.vercel.app/resultado-integrado?_rsc=1s0va => [200] 
[GET] https://ferrovia-do-diabo-1907.vercel.app/museu-vivo?_rsc=1pn8p => [200] 
[GET] https://ferrovia-do-diabo-1907.vercel.app/museu-vivo?_rsc=1atkb => [200] 
[GET] https://ferrovia-do-diabo-1907.vercel.app/museu-vivo?_rsc=4wv9y => [200] 
[GET] https://ferrovia-do-diabo-1907.vercel.app/quiz-tematico?_rsc=1pn8p => [200] 
[GET] https://ferrovia-do-diabo-1907.vercel.app/quiz-tematico?_rsc=16yh6 => [200] 
[GET] https://ferrovia-do-diabo-1907.vercel.app/quiz-tematico?_rsc=1qdoy => [200] 
[GET] https://ferrovia-do-diabo-1907.vercel.app/historia-interativa?_rsc=1pn8p => [200] 
[GET] https://ferrovia-do-diabo-1907.vercel.app/historia-interativa?_rsc=mspq7 => [200] 
[GET] https://ferrovia-do-diabo-1907.vercel.app/historia-interativa?_rsc=4oosi => [200] 